-------------------------------------------------------------------------------
Test set: mavenproject.smashxautomation.HomeTest
-------------------------------------------------------------------------------
Tests run: 1, Failures: 1, Errors: 0, Skipped: 0, Time elapsed: 15.29 sec <<< FAILURE!
f(mavenproject.smashxautomation.HomeTest)  Time elapsed: 14.708 sec  <<< FAILURE!
java.lang.NullPointerException
	at mavenproject.smashxautomation.HomeTest.f(HomeTest.java:20)

