<?xml version="1.0" encoding="UTF-8" ?>
<testsuite tests="1" failures="1" name="mavenproject.smashxautomation.HomeTest" time="14.708" errors="0" skipped="0">
  <properties>
[...]
</properties>
  <testcase classname="mavenproject.smashxautomation.HomeTest" name="f" time="14.708">
    <failure type="java.lang.NullPointerException">java.lang.NullPointerException
	at mavenproject.smashxautomation.HomeTest.f(HomeTest.java:20)
</failure>
    <system-out>Configuring TestNG with: org.apache.maven.surefire.testng.conf.TestNG652Configurator@5a8806ef
</system-out>
    <system-err>Starting ChromeDriver 2.39.562718 (9a2698cba08cf5a471a29d30c8b3e12becabb0e9) on port 41837
Only local connections are allowed.
Jul 04, 2018 1:15:14 PM org.openqa.selenium.remote.ProtocolHandshake createSession
INFO: Detected dialect: OSS
</system-err>
  </testcase>
</testsuite>