<?xml version="1.0" encoding="UTF-8"?>
<!-- Generated by org.testng.reporters.JUnitXMLReporter -->
<testsuite ignored="0" hostname="user-PC" failures="1" tests="1" name="Command line test" time="14.741" errors="0" timestamp="04 Jul 2018 07:45:24 GMT">
  <testcase classname="mavenproject.smashxautomation.HomeTest" name="f" time="14.697">
    <failure type="java.lang.NullPointerException">
      <![CDATA[java.lang.NullPointerException
at mavenproject.smashxautomation.HomeTest.f(HomeTest.java:20)
... Removed 34 stack frames]]>
    </failure>
  </testcase> <!-- f -->
</testsuite> <!-- Command line test -->
